#
# There is insufficient memory for the Java Runtime Environment to continue.
# Native memory allocation (mmap) failed to map 65011712 bytes for Failed to commit area from 0x00000000c2000000 to 0x00000000c5e00000 of length 65011712.
# Possible reasons:
#   The system is out of physical RAM or swap space
#   The process is running with CompressedOops enabled, and the Java Heap may be blocking the growth of the native heap
# Possible solutions:
#   Reduce memory load on the system
#   Increase physical memory or swap space
#   Check if swap backing store is full
#   Decrease Java heap size (-Xmx/-Xms)
#   Decrease number of Java threads
#   Decrease Java thread stack sizes (-Xss)
#   Set larger code cache with -XX:ReservedCodeCacheSize=
# This output file may be truncated or incomplete.
#
#  Out of Memory Error (t:/workspace/hotspot/src/os/windows/vm/os_windows.cpp:3357), pid=5616, tid=728
#
# JRE version:  (9.0+11) (build )
# Java VM: Java HotSpot(TM) 64-Bit Server VM (9.0.1+11, mixed mode, tiered, compressed oops, g1 gc, windows-amd64)
# No core dump will be written. Minidumps are not enabled by default on client versions of Windows
#

---------------  S U M M A R Y ------------

Command Line: -ea -Didea.test.cyclic.buffer.size=1048576 -javaagent:C:\Program Files\JetBrains\IntelliJ IDEA Community Edition 2018.2.5\lib\idea_rt.jar=55896:C:\Program Files\JetBrains\IntelliJ IDEA Community Edition 2018.2.5\bin -Dfile.encoding=UTF-8 org.testng.RemoteTestNGStarter -usedefaultlisteners false -socket55895 @w@C:\Temp\idea_working_dirs_testng.tmp -temp C:\Temp\idea_testng.tmp

Host: Intel(R) Core(TM) i5-7400 CPU @ 3.00GHz, 4 cores, 3G,  Windows 10 , 64 bit Build 17134 (10.0.17134.556)
Time: Thu Mar 21 01:14:51 2019 FLE Standard Time elapsed time: 0 seconds (0d 0h 0m 0s)

---------------  T H R E A D  ---------------

Current thread (0x000002d3bfdfa800):  JavaThread "Unknown thread" [_thread_in_vm, id=728, stack(0x000000f1b6c00000,0x000000f1b6d00000)]

Stack: [0x000000f1b6c00000,0x000000f1b6d00000]
Native frames: (J=compiled Java code, j=interpreted, Vv=VM code, C=native code)
V  [jvm.dll+0x5870b8]
V  [jvm.dll+0x69c0ee]
V  [jvm.dll+0x69d00a]
V  [jvm.dll+0x69d643]
V  [jvm.dll+0x21d148]
V  [jvm.dll+0x584bf4]
V  [jvm.dll+0x57a005]
V  [jvm.dll+0x2cd46b]
V  [jvm.dll+0x2cd3d3]
V  [jvm.dll+0x2cd2a2]
V  [jvm.dll+0x2cf2a3]
V  [jvm.dll+0x319203]
V  [jvm.dll+0x319916]
V  [jvm.dll+0x319303]
V  [jvm.dll+0x2adbf8]
V  [jvm.dll+0x2aee37]
V  [jvm.dll+0x67b1ed]
V  [jvm.dll+0x67c5ac]
V  [jvm.dll+0x3269c9]
V  [jvm.dll+0x6653ee]
V  [jvm.dll+0x391931]
V  [jvm.dll+0x3938e1]
C  [java.exe+0x34f1]
C  [java.exe+0xe24f]
C  [java.exe+0xe3f6]
C  [KERNEL32.DLL+0x13dc4]
C  [ntdll.dll+0x73691]


---------------  P R O C E S S  ---------------

Java Threads: ( => current thread )

Other Threads:
  0x000002d3bfe11800 GCTaskThread "GC Thread#0" [stack: 0x000000f1b6d00000,0x000000f1b6e00000] [id=6928]
  0x000002d3bfe12800 GCTaskThread "GC Thread#1" [stack: 0x000000f1b6e00000,0x000000f1b6f00000] [id=13252]
  0x000002d3bfe14800 GCTaskThread "GC Thread#2" [stack: 0x000000f1b6f00000,0x000000f1b7000000] [id=7432]
  0x000002d3bfe16800 GCTaskThread "GC Thread#3" [stack: 0x000000f1b7000000,0x000000f1b7100000] [id=2076]
  0x000002d3bfe56000 ConcurrentGCThread "G1 Main Marker" [stack: 0x000000f1b7600000,0x000000f1b7700000] [id=3628]
  0x000002d3bfe57800 ConcurrentGCThread "G1 Marker#0" [stack: 0x000000f1b7700000,0x000000f1b7800000] [id=4972]
  0x000002d3bfe20800 ConcurrentGCThread "G1 Refine#0" [stack: 0x000000f1b7400000,0x000000f1b7500000] [id=2624]
  0x000002d3bfe1e000 ConcurrentGCThread "G1 Refine#1" [stack: 0x000000f1b7300000,0x000000f1b7400000] [id=3408]
  0x000002d3bfe1d000 ConcurrentGCThread "G1 Refine#2" [stack: 0x000000f1b7200000,0x000000f1b7300000] [id=1764]
  0x000002d3bfe19000 ConcurrentGCThread "G1 Refine#3" [stack: 0x000000f1b7100000,0x000000f1b7200000] [id=6712]
  0x000002d3bfe22000 ConcurrentGCThread "G1 Young RemSet Sampling" [stack: 0x000000f1b7500000,0x000000f1b7600000] [id=4104]

=>0x000002d3bfdfa800 (exited) JavaThread "Unknown thread" [_thread_in_vm, id=728, stack(0x000000f1b6c00000,0x000000f1b6d00000)]

Threads with active compile tasks:

VM state:not at safepoint (not fully initialized)

VM Mutex/Monitor currently owned by a thread:  ([mutex/lock_event])
[0x000002d3bfdfa260] Heap_lock - owner thread: 0x000002d3bfdfa800

Heap address: 0x00000000c2000000, size: 992 MB, Compressed Oops mode: Non-zero based: 0x00000000c2000000
Narrow klass base: 0x0000000000000000, Narrow klass shift: 0

GC Heap History (0 events):
No events

Deoptimization events (0 events):
No events

Classes redefined (0 events):
No events

Internal exceptions (0 events):
No events

Events (0 events):
No events


Dynamic libraries:
0x00007ff688590000 - 0x00007ff6885ce000 	C:\Program Files\Java\jdk-9.0.1\bin\java.exe
0x00007ff803f20000 - 0x00007ff804101000 	C:\WINDOWS\SYSTEM32\ntdll.dll
0x00007fffc6350000 - 0x00007fffc6362000 	C:\Program Files\AVAST Software\Avast\aswhook.dll
0x00007ff803540000 - 0x00007ff8035f2000 	C:\WINDOWS\System32\KERNEL32.DLL
0x00007ff8002f0000 - 0x00007ff800563000 	C:\WINDOWS\System32\KERNELBASE.dll
0x00007ff803660000 - 0x00007ff803701000 	C:\WINDOWS\System32\ADVAPI32.dll
0x00007ff8030a0000 - 0x00007ff80313e000 	C:\WINDOWS\System32\msvcrt.dll
0x00007ff8037c0000 - 0x00007ff80381b000 	C:\WINDOWS\System32\sechost.dll
0x00007ff802f70000 - 0x00007ff803094000 	C:\WINDOWS\System32\RPCRT4.dll
0x00007ff803140000 - 0x00007ff8032d0000 	C:\WINDOWS\System32\USER32.dll
0x00007ff801390000 - 0x00007ff8013b0000 	C:\WINDOWS\System32\win32u.dll
0x00007ff8032e0000 - 0x00007ff803308000 	C:\WINDOWS\System32\GDI32.dll
0x00007ff8009d0000 - 0x00007ff800b62000 	C:\WINDOWS\System32\gdi32full.dll
0x00007ff800930000 - 0x00007ff8009cf000 	C:\WINDOWS\System32\msvcp_win.dll
0x00007ff800830000 - 0x00007ff80092a000 	C:\WINDOWS\System32\ucrtbase.dll
0x00007fffdaf30000 - 0x00007fffdb199000 	C:\WINDOWS\WinSxS\amd64_microsoft.windows.common-controls_6595b64144ccf1df_6.0.17134.590_none_fb3d9bff3069e088\COMCTL32.dll
0x00007ff802a60000 - 0x00007ff802d82000 	C:\WINDOWS\System32\combase.dll
0x00007ff800760000 - 0x00007ff8007da000 	C:\WINDOWS\System32\bcryptPrimitives.dll
0x00007ffff4a30000 - 0x00007ffff4a3a000 	C:\WINDOWS\SYSTEM32\VERSION.dll
0x00007ff8034f0000 - 0x00007ff80351d000 	C:\WINDOWS\System32\IMM32.DLL
0x00007fffc3030000 - 0x00007fffc311f000 	C:\Program Files\Java\jdk-9.0.1\bin\msvcr120.dll
0x00007fffc3220000 - 0x00007fffc32c6000 	C:\Program Files\Java\jdk-9.0.1\bin\msvcp120.dll
0x00000000627d0000 - 0x00000000631f4000 	C:\Program Files\Java\jdk-9.0.1\bin\server\jvm.dll
0x00007ff8032d0000 - 0x00007ff8032d8000 	C:\WINDOWS\System32\PSAPI.DLL
0x00007ffff5720000 - 0x00007ffff5729000 	C:\WINDOWS\SYSTEM32\WSOCK32.dll
0x00007ff803e80000 - 0x00007ff803eec000 	C:\WINDOWS\System32\WS2_32.dll
0x00007ffffe1f0000 - 0x00007ffffe213000 	C:\WINDOWS\SYSTEM32\WINMM.dll
0x00007ffffe090000 - 0x00007ffffe0ba000 	C:\WINDOWS\SYSTEM32\WINMMBASE.dll
0x00007ff8007e0000 - 0x00007ff800829000 	C:\WINDOWS\System32\cfgmgr32.dll
0x00007ffffbc90000 - 0x00007ffffbc9f000 	C:\Program Files\Java\jdk-9.0.1\bin\verify.dll
0x00007fffda6b0000 - 0x00007fffda6d7000 	C:\Program Files\Java\jdk-9.0.1\bin\java.dll
0x00007fffd1b40000 - 0x00007fffd1b6a000 	C:\Program Files\Java\jdk-9.0.1\bin\instrument.dll
0x00007fffd8a30000 - 0x00007fffd8a46000 	C:\Program Files\Java\jdk-9.0.1\bin\zip.dll
0x00007fffda1f0000 - 0x00007fffda1fa000 	C:\Program Files\Java\jdk-9.0.1\bin\jimage.dll
0x00007ffff3840000 - 0x00007ffff3a09000 	C:\WINDOWS\SYSTEM32\dbghelp.dll

VM Arguments:
jvm_args: -ea -Didea.test.cyclic.buffer.size=1048576 -javaagent:C:\Program Files\JetBrains\IntelliJ IDEA Community Edition 2018.2.5\lib\idea_rt.jar=55896:C:\Program Files\JetBrains\IntelliJ IDEA Community Edition 2018.2.5\bin -Dfile.encoding=UTF-8 
java_command: org.testng.RemoteTestNGStarter -usedefaultlisteners false -socket55895 @w@C:\Temp\idea_working_dirs_testng.tmp -temp C:\Temp\idea_testng.tmp
java_class_path (initial): C:\Program Files\JetBrains\IntelliJ IDEA Community Edition 2018.2.5\lib\idea_rt.jar;C:\Program Files\JetBrains\IntelliJ IDEA Community Edition 2018.2.5\plugins\testng\lib\testng-plugin.jar;C:\Users\Super\QA-JA-06\target\test-classes;C:\Users\Super\QA-JA-06\target\classes;C:\Users\Super\.m2\repository\org\apache\poi\poi-ooxml\4.0.1\poi-ooxml-4.0.1.jar;C:\Users\Super\.m2\repository\org\apache\poi\poi\4.0.1\poi-4.0.1.jar;C:\Users\Super\.m2\repository\org\apache\commons\commons-collections4\4.2\commons-collections4-4.2.jar;C:\Users\Super\.m2\repository\org\apache\commons\commons-math3\3.6.1\commons-math3-3.6.1.jar;C:\Users\Super\.m2\repository\org\apache\poi\poi-ooxml-schemas\4.0.1\poi-ooxml-schemas-4.0.1.jar;C:\Users\Super\.m2\repository\org\apache\xmlbeans\xmlbeans\3.0.2\xmlbeans-3.0.2.jar;C:\Users\Super\.m2\repository\org\apache\commons\commons-compress\1.18\commons-compress-1.18.jar;C:\Users\Super\.m2\repository\com\github\virtuald\curvesapi\1.05\curvesapi-1.05.jar;C:\Users\Super\.m2\repository\mysql\mysql-connector-java\8.0.12\mysql-connector-java-8.0.12.jar;C:\Users\Super\.m2\repository\com\google\protobuf\protobuf-java\2.6.0\protobuf-java-2.6.0.jar;C:\Users\Super\.m2\repository\org\seleniumhq\selenium\selenium-java\3.12.0\selenium-java-3.12.0.jar;C:\Users\Super\.m2\repository\org\seleniumhq\selenium\selenium-api\3.12.0\selenium-api-3.12.0.jar;C:\Users\Super\.m2\repository\org\seleniumhq\selenium\selenium-chrome-driver\3.12.0\selenium-chrome-driver-3.12.0.jar;C:\Users\Super\.m2\repository\org\seleniumhq\selenium\selenium-edge-driver\3.12.0\selenium-edge-driver-3.12.0.jar;C:\Users\Super\.m2\repository\org\seleniumhq\selenium\selenium-firefox-driver\3.12.0\selenium-firefox-driver-3.12.0.jar;C:\Users\Super\.m2\repository\org\seleniumhq\selenium\selenium-ie-driver\3.12.0\selenium-ie-driver-3.12.0.jar;C:\Users\Super\.m2\repository\org\seleniumhq\selenium\selenium-opera-driver\3.12.0\selenium-opera-driver-3.12.0.jar;C:\Users\Super\.m2\reposi
Launcher Type: SUN_STANDARD

Logging:
Log output configuration:
#0: stdout all=warning uptime,level,tags
#1: stderr all=off uptime,level,tags

Environment Variables:
PATH=C:\WINDOWS\system32;C:\WINDOWS;C:\WINDOWS\System32\Wbem;C:\WINDOWS\System32\WindowsPowerShell\v1.0\;C:\Program Files\Microsoft SQL Server\Client SDK\ODBC\130\Tools\Binn\;C:\Program Files (x86)\Microsoft SQL Server\140\Tools\Binn\;C:\Program Files\Microsoft SQL Server\140\Tools\Binn\;C:\Program Files\Microsoft SQL Server\140\DTS\Binn\;C:\WINDOWS\System32\OpenSSH\;C:\Program Files (x86)\Microsoft SQL Server\110\Tools\Binn\;C:\Program Files\Microsoft SQL Server\110\Tools\Binn\;C:\Program Files\Microsoft SQL Server\110\DTS\Binn\;C:\Users\Super\AppData\Local\Microsoft\WindowsApps;C:\Users\Super\Downloads\Selenium\chromedriver_win32;
USERNAME=Super
OS=Windows_NT
PROCESSOR_IDENTIFIER=Intel64 Family 6 Model 158 Stepping 9, GenuineIntel



---------------  S Y S T E M  ---------------

OS: Windows 10 , 64 bit Build 17134 (10.0.17134.556)

CPU:total 4 (initial active 4) (4 cores per cpu, 1 threads per core) family 6 model 158 stepping 9, cmov, cx8, fxsr, mmx, sse, sse2, sse3, ssse3, sse4.1, sse4.2, popcnt, avx, avx2, aes, clmul, erms, 3dnowpref, lzcnt, tsc, tscinvbit, bmi1, bmi2, adx, fma

Memory: 4k page, physical 4062508k(702468k free), swap 7157172k(53876k free)

vm_info: Java HotSpot(TM) 64-Bit Server VM (9.0.1+11) for windows-amd64 JRE (9.0.1+11), built on Sep 28 2017 04:54:03 by "mach5one" with MS VC++ 12.0 (VS2013)

END.
